CREATE TABLE tags (
  names varchar(1023)[]
);
INSERT INTO tags VALUES (ARRAY['PostgreSQL', 'PG']);
INSERT INTO tags VALUES (ARRAY['Groonga', 'grn', 'groonga']);
INSERT INTO tags VALUES (ARRAY['PGroonga', 'pgrn', 'groonga']);
CREATE INDEX pgroonga_index ON tags
  USING pgroonga (names pgroonga_varchar_array_term_search_ops_v2);
SET enable_seqscan = off;
SET enable_indexscan = off;
SET enable_bitmapscan = on;
EXPLAIN (COSTS OFF)
SELECT names
  FROM tags
 WHERE names @> ARRAY['grn', 'groonga']::varchar[];
                             QUERY PLAN                              
---------------------------------------------------------------------
 Bitmap Heap Scan on tags
   Recheck Cond: (names @> '{grn,groonga}'::character varying[])
   ->  Bitmap Index Scan on pgroonga_index
         Index Cond: (names @> '{grn,groonga}'::character varying[])
(4 rows)

SELECT names
  FROM tags
 WHERE names @> ARRAY['grn', 'groonga']::varchar[];
         names         
-----------------------
 {Groonga,grn,groonga}
(1 row)

DROP TABLE tags;
